**********************
Windows PowerShell transcript start
Start time: 20260704001852
Username: DESKTOP-QF1FJDF\91637
RunAs User: DESKTOP-QF1FJDF\91637
Configuration Name: 
Machine: DESKTOP-QF1FJDF (Microsoft Windows NT 10.0.19045.0)
Host Application: C:\Windows\System32\WindowsPowerShell\v1.0\powershell.exe -Command Start-Transcript -Path 'maven-install.log'; Write-Output 'Downloading Maven...'; Invoke-WebRequest -Uri 'https://archive.apache.org/dist/maven/maven-3/3.9.6/binaries/apache-maven-3.9.6-bin.zip' -OutFile 'maven.zip'; Write-Output 'Extracting Maven...'; Expand-Archive -Path 'maven.zip' -DestinationPath 'maven'; Write-Output 'Cleaning up zip...'; Remove-Item -Path 'maven.zip'; Write-Output 'Maven setup complete.';
Process ID: 44944
PSVersion: 5.1.19041.6456
PSEdition: Desktop
PSCompatibleVersions: 1.0, 2.0, 3.0, 4.0, 5.0, 5.1.19041.6456
BuildVersion: 10.0.19041.6456
CLRVersion: 4.0.30319.42000
WSManStackVersion: 3.0
PSRemotingProtocolVersion: 2.3
SerializationVersion: 1.1.0.1
**********************
Transcript started, output file is maven-install.log
Downloading Maven...
Extracting Maven...
Cleaning up zip...
Maven setup complete.
PS>$global:?
True
**********************
Windows PowerShell transcript end
End time: 20260704001955
**********************
